17:03:17.151  INFO  manager.AppManager - Start in browser CHROME
17:03:32.679  INFO  tests.TestBase - Start method -->loginTestDataProvider
17:03:32.679  INFO  tests.TestBase - ==================================================================
17:03:32.686  INFO  manager.MyListener - Start find element by -->By.xpath: //button[text()='Sign Out']
17:03:43.192  INFO  manager.MyListener - The element -->By.xpath: //button[text()='Sign Out']was found
17:03:43.194  INFO  manager.MyListener - Start find element by -->By.xpath: //a[.='LOGIN']
17:03:43.555  INFO  manager.MyListener - The element -->By.xpath: //a[.='LOGIN']was found
17:03:45.692  INFO  manager.MyListener - Start find element by -->By.xpath: //input[1]
17:03:45.727  INFO  manager.MyListener - The element -->By.xpath: //input[1]was found
17:03:46.203  INFO  manager.MyListener - Start find element by -->By.xpath: //input[2]
17:03:46.228  INFO  manager.MyListener - The element -->By.xpath: //input[2]was found
17:03:46.456  INFO  manager.MyListener - Start find element by -->By.xpath: //button[1]
17:03:46.476  INFO  manager.MyListener - The element -->By.xpath: //button[1]was found
17:03:48.551  INFO  manager.MyListener - Start find element by -->By.xpath: //button[text()='Sign Out']
17:03:48.578  INFO  manager.MyListener - The element -->By.xpath: //button[text()='Sign Out']was found
17:03:48.806  INFO  tests.TestBase - End of method -->loginTestDataProvider
17:03:48.807  INFO  tests.TestBase - Start method -->loginTestDataProvider
17:03:48.807  INFO  tests.TestBase - ==================================================================
17:03:48.808  INFO  manager.MyListener - Start find element by -->By.xpath: //button[text()='Sign Out']
17:03:48.824  INFO  manager.MyListener - The element -->By.xpath: //button[text()='Sign Out']was found
17:03:48.958  INFO  manager.MyListener - Start find element by -->By.xpath: //button[text()='Sign Out']
17:03:48.989  INFO  manager.MyListener - The element -->By.xpath: //button[text()='Sign Out']was found
17:03:49.232  INFO  manager.MyListener - Start find element by -->By.xpath: //button[text()='Sign Out']
17:03:49.259  INFO  manager.MyListener - The element -->By.xpath: //button[text()='Sign Out']was found
17:03:49.350  INFO  manager.MyListener - Start find element by -->By.xpath: //a[.='LOGIN']
17:03:49.381  INFO  manager.MyListener - The element -->By.xpath: //a[.='LOGIN']was found
17:03:49.440  INFO  manager.MyListener - Start find element by -->By.xpath: //input[1]
17:03:49.462  INFO  manager.MyListener - The element -->By.xpath: //input[1]was found
17:03:49.687  INFO  manager.MyListener - Start find element by -->By.xpath: //input[2]
17:03:49.714  INFO  manager.MyListener - The element -->By.xpath: //input[2]was found
17:03:49.939  INFO  manager.MyListener - Start find element by -->By.xpath: //button[1]
17:03:49.962  INFO  manager.MyListener - The element -->By.xpath: //button[1]was found
17:03:52.034  INFO  manager.MyListener - Start find element by -->By.xpath: //button[text()='Sign Out']
17:03:52.061  INFO  manager.MyListener - The element -->By.xpath: //button[text()='Sign Out']was found
17:03:52.062  INFO  tests.TestBase - End of method -->loginTestDataProvider
17:03:52.064  INFO  tests.TestBase - Start method -->loginTestDataProvider
17:03:52.064  INFO  tests.TestBase - ==================================================================
17:03:52.065  INFO  manager.MyListener - Start find element by -->By.xpath: //button[text()='Sign Out']
17:03:52.090  INFO  manager.MyListener - The element -->By.xpath: //button[text()='Sign Out']was found
17:03:52.092  INFO  manager.MyListener - Start find element by -->By.xpath: //button[text()='Sign Out']
17:03:52.105  INFO  manager.MyListener - The element -->By.xpath: //button[text()='Sign Out']was found
17:03:52.148  INFO  manager.MyListener - Start find element by -->By.xpath: //button[text()='Sign Out']
17:03:52.168  INFO  manager.MyListener - The element -->By.xpath: //button[text()='Sign Out']was found
17:03:52.249  INFO  manager.MyListener - Start find element by -->By.xpath: //a[.='LOGIN']
17:03:52.271  INFO  manager.MyListener - The element -->By.xpath: //a[.='LOGIN']was found
17:03:52.347  INFO  manager.MyListener - Start find element by -->By.xpath: //input[1]
17:03:52.375  INFO  manager.MyListener - The element -->By.xpath: //input[1]was found
17:03:52.569  INFO  manager.MyListener - Start find element by -->By.xpath: //input[2]
17:03:52.591  INFO  manager.MyListener - The element -->By.xpath: //input[2]was found
17:03:52.758  INFO  manager.MyListener - Start find element by -->By.xpath: //button[1]
17:03:52.780  INFO  manager.MyListener - The element -->By.xpath: //button[1]was found
17:03:54.836  INFO  manager.MyListener - Start find element by -->By.xpath: //button[text()='Sign Out']
17:03:54.864  INFO  manager.MyListener - The element -->By.xpath: //button[text()='Sign Out']was found
17:03:54.866  INFO  tests.TestBase - End of method -->loginTestDataProvider
17:04:28.913  INFO  manager.AppManager - Start in browser CHROME
17:04:36.786  INFO  tests.TestBase - Start method -->loginTestDataProvider
17:04:36.786  INFO  tests.TestBase - ==================================================================
17:04:36.790  INFO  manager.MyListener - Start find element by -->By.xpath: //button[text()='Sign Out']
17:04:46.825  INFO  manager.MyListener - The element -->By.xpath: //button[text()='Sign Out']was found
17:04:46.828  INFO  manager.MyListener - Start find element by -->By.xpath: //a[.='LOGIN']
17:04:46.859  INFO  manager.MyListener - The element -->By.xpath: //a[.='LOGIN']was found
17:04:47.218  INFO  manager.MyListener - Start find element by -->By.xpath: //input[1]
17:04:47.258  INFO  manager.MyListener - The element -->By.xpath: //input[1]was found
17:04:47.464  INFO  manager.MyListener - Start find element by -->By.xpath: //input[2]
17:04:47.499  INFO  manager.MyListener - The element -->By.xpath: //input[2]was found
17:04:47.707  INFO  manager.MyListener - Start find element by -->By.xpath: //button[1]
17:04:47.733  INFO  manager.MyListener - The element -->By.xpath: //button[1]was found
17:04:49.802  INFO  manager.MyListener - Start find element by -->By.xpath: //button[text()='Sign Out']
17:04:49.827  INFO  manager.MyListener - The element -->By.xpath: //button[text()='Sign Out']was found
17:04:49.837  INFO  tests.TestBase - End of method -->loginTestDataProvider
17:04:49.838  INFO  tests.TestBase - Start method -->loginTestDataProvider
17:04:49.839  INFO  tests.TestBase - ==================================================================
17:04:49.840  INFO  manager.MyListener - Start find element by -->By.xpath: //button[text()='Sign Out']
17:04:49.857  INFO  manager.MyListener - The element -->By.xpath: //button[text()='Sign Out']was found
17:04:49.861  INFO  manager.MyListener - Start find element by -->By.xpath: //button[text()='Sign Out']
17:04:49.896  INFO  manager.MyListener - The element -->By.xpath: //button[text()='Sign Out']was found
17:04:49.996  INFO  manager.MyListener - Start find element by -->By.xpath: //button[text()='Sign Out']
17:04:50.015  INFO  manager.MyListener - The element -->By.xpath: //button[text()='Sign Out']was found
17:04:50.079  INFO  manager.MyListener - Start find element by -->By.xpath: //a[.='LOGIN']
17:04:50.112  INFO  manager.MyListener - The element -->By.xpath: //a[.='LOGIN']was found
17:04:50.172  INFO  manager.MyListener - Start find element by -->By.xpath: //input[1]
17:04:50.191  INFO  manager.MyListener - The element -->By.xpath: //input[1]was found
17:04:50.380  INFO  manager.MyListener - Start find element by -->By.xpath: //input[2]
17:04:50.396  INFO  manager.MyListener - The element -->By.xpath: //input[2]was found
17:04:50.580  INFO  manager.MyListener - Start find element by -->By.xpath: //button[1]
17:04:50.603  INFO  manager.MyListener - The element -->By.xpath: //button[1]was found
17:04:52.682  INFO  manager.MyListener - Start find element by -->By.xpath: //button[text()='Sign Out']
17:04:52.708  INFO  manager.MyListener - The element -->By.xpath: //button[text()='Sign Out']was found
17:04:52.710  INFO  tests.TestBase - End of method -->loginTestDataProvider
17:04:52.711  INFO  tests.TestBase - Start method -->loginTestDataProvider
17:04:52.712  INFO  tests.TestBase - ==================================================================
17:04:52.713  INFO  manager.MyListener - Start find element by -->By.xpath: //button[text()='Sign Out']
17:04:52.739  INFO  manager.MyListener - The element -->By.xpath: //button[text()='Sign Out']was found
17:04:52.740  INFO  manager.MyListener - Start find element by -->By.xpath: //button[text()='Sign Out']
17:04:52.753  INFO  manager.MyListener - The element -->By.xpath: //button[text()='Sign Out']was found
17:04:52.798  INFO  manager.MyListener - Start find element by -->By.xpath: //button[text()='Sign Out']
17:04:52.817  INFO  manager.MyListener - The element -->By.xpath: //button[text()='Sign Out']was found
17:04:52.889  INFO  manager.MyListener - Start find element by -->By.xpath: //a[.='LOGIN']
17:04:52.920  INFO  manager.MyListener - The element -->By.xpath: //a[.='LOGIN']was found
17:04:52.987  INFO  manager.MyListener - Start find element by -->By.xpath: //input[1]
17:04:53.008  INFO  manager.MyListener - The element -->By.xpath: //input[1]was found
17:04:53.188  INFO  manager.MyListener - Start find element by -->By.xpath: //input[2]
17:04:53.208  INFO  manager.MyListener - The element -->By.xpath: //input[2]was found
17:04:53.390  INFO  manager.MyListener - Start find element by -->By.xpath: //button[1]
17:04:53.410  INFO  manager.MyListener - The element -->By.xpath: //button[1]was found
17:04:55.470  INFO  manager.MyListener - Start find element by -->By.xpath: //button[text()='Sign Out']
17:04:55.496  INFO  manager.MyListener - The element -->By.xpath: //button[text()='Sign Out']was found
17:04:55.498  INFO  tests.TestBase - End of method -->loginTestDataProvider
