12:59:47.385  INFO  manager.AppManager - Start in browser CHROME
12:59:51.250  INFO  tests.TestBase - Start method -->addContactTestBase
12:59:51.252  INFO  tests.TestBase - Test Start with Data -->[]
12:59:51.253  INFO  tests.TestBase - ==================================================================
12:59:51.256  INFO  manager.MyListener - Start find element by -->By.xpath: //button[text()='Sign Out']
13:00:01.574  INFO  manager.MyListener - The element -->By.xpath: //button[text()='Sign Out']was found
13:00:01.575  INFO  manager.MyListener - Start find element by -->By.xpath: //a[.='LOGIN']
13:00:01.610  INFO  manager.MyListener - The element -->By.xpath: //a[.='LOGIN']was found
13:00:03.609  INFO  manager.MyListener - Start find element by -->By.xpath: //input[1]
13:00:03.645  INFO  manager.MyListener - The element -->By.xpath: //input[1]was found
13:00:03.868  INFO  manager.MyListener - Start find element by -->By.xpath: //input[2]
13:00:03.892  INFO  manager.MyListener - The element -->By.xpath: //input[2]was found
13:00:04.092  INFO  manager.MyListener - Start find element by -->By.xpath: //button[1]
13:00:04.113  INFO  manager.MyListener - The element -->By.xpath: //button[1]was found
13:00:05.291  INFO  manager.MyListener - Start find element by -->By.xpath: //a[.='ADD']
13:00:05.715  INFO  manager.MyListener - The element -->By.xpath: //a[.='ADD']was found
13:00:05.823  INFO  manager.MyListener - Start find element by -->By.cssSelector: [placeholder='Name']
13:00:05.866  INFO  manager.MyListener - The element -->By.cssSelector: [placeholder='Name']was found
13:00:06.053  INFO  manager.MyListener - Start find element by -->By.cssSelector: [placeholder='Last Name']
13:00:06.082  INFO  manager.MyListener - The element -->By.cssSelector: [placeholder='Last Name']was found
13:00:06.262  INFO  manager.MyListener - Start find element by -->By.cssSelector: [placeholder='Phone']
13:00:06.285  INFO  manager.MyListener - The element -->By.cssSelector: [placeholder='Phone']was found
13:00:06.470  INFO  manager.MyListener - Start find element by -->By.cssSelector: [placeholder='email']
13:00:06.489  INFO  manager.MyListener - The element -->By.cssSelector: [placeholder='email']was found
13:00:06.696  INFO  manager.MyListener - Start find element by -->By.cssSelector: [placeholder='Address']
13:00:06.727  INFO  manager.MyListener - The element -->By.cssSelector: [placeholder='Address']was found
13:00:06.894  INFO  manager.MyListener - Start find element by -->By.cssSelector: [placeholder='description']
13:00:06.917  INFO  manager.MyListener - The element -->By.cssSelector: [placeholder='description']was found
13:00:07.101  INFO  manager.MyListener - Start find element by -->By.xpath: //button[.='Save']
13:00:07.122  INFO  manager.MyListener - The element -->By.xpath: //button[.='Save']was found
13:00:07.183  INFO  manager.MyListener - Start find element by -->By.xpath: //h3
13:00:08.034  INFO  manager.MyListener - The element -->By.xpath: //h3was found
13:00:08.109  INFO  tests.TestBase - End of method -->addContactTestBase
13:00:08.111  INFO  tests.TestBase - Start method -->addContactTestBase
13:00:08.111  INFO  tests.TestBase - Test Start with Data -->[]
13:00:08.112  INFO  tests.TestBase - ==================================================================
13:00:08.113  INFO  manager.MyListener - Start find element by -->By.xpath: //button[text()='Sign Out']
13:00:08.130  INFO  manager.MyListener - The element -->By.xpath: //button[text()='Sign Out']was found
13:00:08.132  INFO  manager.MyListener - Start find element by -->By.xpath: //a[.='ADD']
13:00:08.160  INFO  manager.MyListener - The element -->By.xpath: //a[.='ADD']was found
13:00:08.204  INFO  manager.MyListener - Start find element by -->By.cssSelector: [placeholder='Name']
13:00:08.233  INFO  manager.MyListener - The element -->By.cssSelector: [placeholder='Name']was found
13:00:08.419  INFO  manager.MyListener - Start find element by -->By.cssSelector: [placeholder='Last Name']
13:00:08.440  INFO  manager.MyListener - The element -->By.cssSelector: [placeholder='Last Name']was found
13:00:08.628  INFO  manager.MyListener - Start find element by -->By.cssSelector: [placeholder='Phone']
13:00:08.647  INFO  manager.MyListener - The element -->By.cssSelector: [placeholder='Phone']was found
13:00:08.823  INFO  manager.MyListener - Start find element by -->By.cssSelector: [placeholder='email']
13:00:08.851  INFO  manager.MyListener - The element -->By.cssSelector: [placeholder='email']was found
13:00:09.027  INFO  manager.MyListener - Start find element by -->By.cssSelector: [placeholder='Address']
13:00:09.054  INFO  manager.MyListener - The element -->By.cssSelector: [placeholder='Address']was found
13:00:09.214  INFO  manager.MyListener - Start find element by -->By.cssSelector: [placeholder='description']
13:00:09.228  INFO  manager.MyListener - The element -->By.cssSelector: [placeholder='description']was found
13:00:09.402  INFO  manager.MyListener - Start find element by -->By.xpath: //button[.='Save']
13:00:09.417  INFO  manager.MyListener - The element -->By.xpath: //button[.='Save']was found
13:00:09.468  INFO  manager.MyListener - Start find element by -->By.xpath: //h3
13:00:10.693  INFO  manager.MyListener - The element -->By.xpath: //h3was found
13:00:10.753  INFO  tests.TestBase - End of method -->addContactTestBase
13:00:10.755  INFO  tests.TestBase - Start method -->addContactTestBase
13:00:10.755  INFO  tests.TestBase - Test Start with Data -->[]
13:00:10.755  INFO  tests.TestBase - ==================================================================
13:00:10.756  INFO  manager.MyListener - Start find element by -->By.xpath: //button[text()='Sign Out']
13:00:10.771  INFO  manager.MyListener - The element -->By.xpath: //button[text()='Sign Out']was found
13:00:10.772  INFO  manager.MyListener - Start find element by -->By.xpath: //a[.='ADD']
13:00:10.785  INFO  manager.MyListener - The element -->By.xpath: //a[.='ADD']was found
13:00:10.830  INFO  manager.MyListener - Start find element by -->By.cssSelector: [placeholder='Name']
13:00:10.851  INFO  manager.MyListener - The element -->By.cssSelector: [placeholder='Name']was found
13:00:11.079  INFO  manager.MyListener - Start find element by -->By.cssSelector: [placeholder='Last Name']
13:00:11.106  INFO  manager.MyListener - The element -->By.cssSelector: [placeholder='Last Name']was found
13:00:11.281  INFO  manager.MyListener - Start find element by -->By.cssSelector: [placeholder='Phone']
13:00:11.293  INFO  manager.MyListener - The element -->By.cssSelector: [placeholder='Phone']was found
13:00:11.479  INFO  manager.MyListener - Start find element by -->By.cssSelector: [placeholder='email']
13:00:11.499  INFO  manager.MyListener - The element -->By.cssSelector: [placeholder='email']was found
13:00:11.697  INFO  manager.MyListener - Start find element by -->By.cssSelector: [placeholder='Address']
13:00:11.719  INFO  manager.MyListener - The element -->By.cssSelector: [placeholder='Address']was found
13:00:11.877  INFO  manager.MyListener - Start find element by -->By.cssSelector: [placeholder='description']
13:00:11.894  INFO  manager.MyListener - The element -->By.cssSelector: [placeholder='description']was found
13:00:12.053  INFO  manager.MyListener - Start find element by -->By.xpath: //button[.='Save']
13:00:12.067  INFO  manager.MyListener - The element -->By.xpath: //button[.='Save']was found
13:00:12.118  INFO  manager.MyListener - Start find element by -->By.xpath: //h3
13:00:12.726  INFO  manager.MyListener - The element -->By.xpath: //h3was found
13:00:12.793  INFO  tests.TestBase - End of method -->addContactTestBase
13:00:12.896  INFO  tests.TestBase - Start method -->addContactTestCSV
13:00:12.968  INFO  tests.TestBase - Test Start with Data -->[Contact(name=Mona, lastname=Dow, email=dow2@gmail.com, phone=9877776503, address=Haifa Herzel3, description=university friend)]
13:00:12.968  INFO  tests.TestBase - ==================================================================
13:00:12.969  INFO  manager.MyListener - Start find element by -->By.xpath: //button[text()='Sign Out']
13:00:12.995  INFO  manager.MyListener - The element -->By.xpath: //button[text()='Sign Out']was found
13:00:12.996  INFO  manager.MyListener - Start find element by -->By.xpath: //a[.='ADD']
13:00:13.009  INFO  manager.MyListener - The element -->By.xpath: //a[.='ADD']was found
13:00:13.056  INFO  manager.MyListener - Start find element by -->By.cssSelector: [placeholder='Name']
13:00:13.072  INFO  manager.MyListener - The element -->By.cssSelector: [placeholder='Name']was found
13:00:13.243  INFO  manager.MyListener - Start find element by -->By.cssSelector: [placeholder='Last Name']
13:00:13.265  INFO  manager.MyListener - The element -->By.cssSelector: [placeholder='Last Name']was found
13:00:13.434  INFO  manager.MyListener - Start find element by -->By.cssSelector: [placeholder='Phone']
13:00:13.454  INFO  manager.MyListener - The element -->By.cssSelector: [placeholder='Phone']was found
13:00:13.648  INFO  manager.MyListener - Start find element by -->By.cssSelector: [placeholder='email']
13:00:13.674  INFO  manager.MyListener - The element -->By.cssSelector: [placeholder='email']was found
13:00:13.881  INFO  manager.MyListener - Start find element by -->By.cssSelector: [placeholder='Address']
13:00:13.899  INFO  manager.MyListener - The element -->By.cssSelector: [placeholder='Address']was found
13:00:14.091  INFO  manager.MyListener - Start find element by -->By.cssSelector: [placeholder='description']
13:00:14.115  INFO  manager.MyListener - The element -->By.cssSelector: [placeholder='description']was found
13:00:14.339  INFO  manager.MyListener - Start find element by -->By.xpath: //button[.='Save']
13:00:14.355  INFO  manager.MyListener - The element -->By.xpath: //button[.='Save']was found
13:00:14.403  INFO  manager.MyListener - Start find element by -->By.xpath: //h3
13:00:15.433  INFO  manager.MyListener - The element -->By.xpath: //h3was found
13:00:15.519  INFO  tests.TestBase - End of method -->addContactTestCSV
13:00:15.521  INFO  tests.TestBase - Start method -->addContactTestCSV
13:00:15.521  INFO  tests.TestBase - Test Start with Data -->[Contact(name=Mona, lastname=Dow, email=dow3@gmail.com, phone=9877776665, address=Haifa Herzel3, description=university friend)]
13:00:15.521  INFO  tests.TestBase - ==================================================================
13:00:15.522  INFO  manager.MyListener - Start find element by -->By.xpath: //button[text()='Sign Out']
13:00:15.541  INFO  manager.MyListener - The element -->By.xpath: //button[text()='Sign Out']was found
13:00:15.542  INFO  manager.MyListener - Start find element by -->By.xpath: //a[.='ADD']
13:00:15.554  INFO  manager.MyListener - The element -->By.xpath: //a[.='ADD']was found
13:00:15.605  INFO  manager.MyListener - Start find element by -->By.cssSelector: [placeholder='Name']
13:00:15.633  INFO  manager.MyListener - The element -->By.cssSelector: [placeholder='Name']was found
13:00:15.813  INFO  manager.MyListener - Start find element by -->By.cssSelector: [placeholder='Last Name']
13:00:15.829  INFO  manager.MyListener - The element -->By.cssSelector: [placeholder='Last Name']was found
13:00:15.992  INFO  manager.MyListener - Start find element by -->By.cssSelector: [placeholder='Phone']
13:00:16.017  INFO  manager.MyListener - The element -->By.cssSelector: [placeholder='Phone']was found
13:00:16.209  INFO  manager.MyListener - Start find element by -->By.cssSelector: [placeholder='email']
13:00:16.221  INFO  manager.MyListener - The element -->By.cssSelector: [placeholder='email']was found
13:00:16.414  INFO  manager.MyListener - Start find element by -->By.cssSelector: [placeholder='Address']
13:00:16.429  INFO  manager.MyListener - The element -->By.cssSelector: [placeholder='Address']was found
13:00:16.642  INFO  manager.MyListener - Start find element by -->By.cssSelector: [placeholder='description']
13:00:16.664  INFO  manager.MyListener - The element -->By.cssSelector: [placeholder='description']was found
13:00:16.862  INFO  manager.MyListener - Start find element by -->By.xpath: //button[.='Save']
13:00:16.883  INFO  manager.MyListener - The element -->By.xpath: //button[.='Save']was found
13:00:16.936  INFO  manager.MyListener - Start find element by -->By.xpath: //h3
13:00:17.528  INFO  manager.MyListener - The element -->By.xpath: //h3was found
13:00:17.641  INFO  tests.TestBase - End of method -->addContactTestCSV
13:00:17.644  INFO  tests.TestBase - Start method -->addContactTestDataProvider
13:00:17.644  INFO  tests.TestBase - Test Start with Data -->[Mona, Dow, 9877776500, dow77@gmail.co, Haifa Herzel3, university friend]
13:00:17.645  INFO  tests.TestBase - ==================================================================
13:00:17.645  INFO  manager.MyListener - Start find element by -->By.xpath: //button[text()='Sign Out']
13:00:17.670  INFO  manager.MyListener - The element -->By.xpath: //button[text()='Sign Out']was found
13:00:17.671  INFO  manager.MyListener - Start find element by -->By.xpath: //a[.='ADD']
13:00:17.688  INFO  manager.MyListener - The element -->By.xpath: //a[.='ADD']was found
13:00:17.759  INFO  manager.MyListener - Start find element by -->By.cssSelector: [placeholder='Name']
13:00:17.784  INFO  manager.MyListener - The element -->By.cssSelector: [placeholder='Name']was found
13:00:17.953  INFO  manager.MyListener - Start find element by -->By.cssSelector: [placeholder='Last Name']
13:00:17.970  INFO  manager.MyListener - The element -->By.cssSelector: [placeholder='Last Name']was found
13:00:18.144  INFO  manager.MyListener - Start find element by -->By.cssSelector: [placeholder='Phone']
13:00:18.162  INFO  manager.MyListener - The element -->By.cssSelector: [placeholder='Phone']was found
13:00:18.333  INFO  manager.MyListener - Start find element by -->By.cssSelector: [placeholder='email']
13:00:18.350  INFO  manager.MyListener - The element -->By.cssSelector: [placeholder='email']was found
13:00:18.532  INFO  manager.MyListener - Start find element by -->By.cssSelector: [placeholder='Address']
13:00:18.558  INFO  manager.MyListener - The element -->By.cssSelector: [placeholder='Address']was found
13:00:18.753  INFO  manager.MyListener - Start find element by -->By.cssSelector: [placeholder='description']
13:00:18.779  INFO  manager.MyListener - The element -->By.cssSelector: [placeholder='description']was found
13:00:18.989  INFO  manager.MyListener - Start find element by -->By.xpath: //button[.='Save']
13:00:19.002  INFO  manager.MyListener - The element -->By.xpath: //button[.='Save']was found
13:00:19.053  INFO  manager.MyListener - Start find element by -->By.xpath: //h3
13:00:19.937  INFO  manager.MyListener - The element -->By.xpath: //h3was found
13:00:20.055  INFO  tests.TestBase - End of method -->addContactTestDataProvider
13:00:20.056  INFO  tests.TestBase - Start method -->addContactTestDataProvider
13:00:20.057  INFO  tests.TestBase - Test Start with Data -->[Mona, Dow, 9817776500, dow78@gmail.co, Haifa Herzel3, university friend]
13:00:20.057  INFO  tests.TestBase - ==================================================================
13:00:20.058  INFO  manager.MyListener - Start find element by -->By.xpath: //button[text()='Sign Out']
13:00:20.080  INFO  manager.MyListener - The element -->By.xpath: //button[text()='Sign Out']was found
13:00:20.081  INFO  manager.MyListener - Start find element by -->By.xpath: //a[.='ADD']
13:00:20.095  INFO  manager.MyListener - The element -->By.xpath: //a[.='ADD']was found
13:00:20.142  INFO  manager.MyListener - Start find element by -->By.cssSelector: [placeholder='Name']
13:00:20.165  INFO  manager.MyListener - The element -->By.cssSelector: [placeholder='Name']was found
13:00:20.345  INFO  manager.MyListener - Start find element by -->By.cssSelector: [placeholder='Last Name']
13:00:20.363  INFO  manager.MyListener - The element -->By.cssSelector: [placeholder='Last Name']was found
13:00:20.515  INFO  manager.MyListener - Start find element by -->By.cssSelector: [placeholder='Phone']
13:00:20.537  INFO  manager.MyListener - The element -->By.cssSelector: [placeholder='Phone']was found
13:00:20.721  INFO  manager.MyListener - Start find element by -->By.cssSelector: [placeholder='email']
13:00:20.742  INFO  manager.MyListener - The element -->By.cssSelector: [placeholder='email']was found
13:00:20.920  INFO  manager.MyListener - Start find element by -->By.cssSelector: [placeholder='Address']
13:00:20.948  INFO  manager.MyListener - The element -->By.cssSelector: [placeholder='Address']was found
13:00:21.122  INFO  manager.MyListener - Start find element by -->By.cssSelector: [placeholder='description']
13:00:21.134  INFO  manager.MyListener - The element -->By.cssSelector: [placeholder='description']was found
13:00:21.318  INFO  manager.MyListener - Start find element by -->By.xpath: //button[.='Save']
13:00:21.339  INFO  manager.MyListener - The element -->By.xpath: //button[.='Save']was found
13:00:21.391  INFO  manager.MyListener - Start find element by -->By.xpath: //h3
13:00:21.937  INFO  manager.MyListener - The element -->By.xpath: //h3was found
13:00:22.073  INFO  tests.TestBase - End of method -->addContactTestDataProvider
13:00:22.075  INFO  tests.TestBase - Start method -->addContactTestDataProvider
13:00:22.075  INFO  tests.TestBase - Test Start with Data -->[Mona, Dow, 9827776500, dow79@gmail.co, Haifa Herzel3, university friend]
13:00:22.075  INFO  tests.TestBase - ==================================================================
13:00:22.076  INFO  manager.MyListener - Start find element by -->By.xpath: //button[text()='Sign Out']
13:00:22.092  INFO  manager.MyListener - The element -->By.xpath: //button[text()='Sign Out']was found
13:00:22.093  INFO  manager.MyListener - Start find element by -->By.xpath: //a[.='ADD']
13:00:22.112  INFO  manager.MyListener - The element -->By.xpath: //a[.='ADD']was found
13:00:22.165  INFO  manager.MyListener - Start find element by -->By.cssSelector: [placeholder='Name']
13:00:22.196  INFO  manager.MyListener - The element -->By.cssSelector: [placeholder='Name']was found
13:00:22.380  INFO  manager.MyListener - Start find element by -->By.cssSelector: [placeholder='Last Name']
13:00:22.395  INFO  manager.MyListener - The element -->By.cssSelector: [placeholder='Last Name']was found
13:00:22.545  INFO  manager.MyListener - Start find element by -->By.cssSelector: [placeholder='Phone']
13:00:22.569  INFO  manager.MyListener - The element -->By.cssSelector: [placeholder='Phone']was found
13:00:22.744  INFO  manager.MyListener - Start find element by -->By.cssSelector: [placeholder='email']
13:00:22.759  INFO  manager.MyListener - The element -->By.cssSelector: [placeholder='email']was found
13:00:22.937  INFO  manager.MyListener - Start find element by -->By.cssSelector: [placeholder='Address']
13:00:22.963  INFO  manager.MyListener - The element -->By.cssSelector: [placeholder='Address']was found
13:00:23.134  INFO  manager.MyListener - Start find element by -->By.cssSelector: [placeholder='description']
13:00:23.152  INFO  manager.MyListener - The element -->By.cssSelector: [placeholder='description']was found
13:00:23.336  INFO  manager.MyListener - Start find element by -->By.xpath: //button[.='Save']
13:00:23.359  INFO  manager.MyListener - The element -->By.xpath: //button[.='Save']was found
13:00:23.416  INFO  manager.MyListener - Start find element by -->By.xpath: //h3
13:00:29.339  INFO  manager.MyListener - The element -->By.xpath: //h3was found
13:00:29.501  INFO  tests.TestBase - End of method -->addContactTestDataProvider
13:00:29.505  INFO  tests.TestBase - Start method -->loginTestBase
13:00:29.505  INFO  tests.TestBase - Test Start with Data -->[]
13:00:29.505  INFO  tests.TestBase - ==================================================================
13:00:29.506  INFO  manager.MyListener - Start find element by -->By.xpath: //button[text()='Sign Out']
13:00:29.529  INFO  manager.MyListener - The element -->By.xpath: //button[text()='Sign Out']was found
13:00:29.586  INFO  manager.MyListener - Start find element by -->By.xpath: //button[text()='Sign Out']
13:00:29.612  INFO  manager.MyListener - The element -->By.xpath: //button[text()='Sign Out']was found
13:00:29.712  INFO  manager.MyListener - Start find element by -->By.xpath: //button[text()='Sign Out']
13:00:29.733  INFO  manager.MyListener - The element -->By.xpath: //button[text()='Sign Out']was found
13:00:29.812  INFO  manager.MyListener - Start find element by -->By.xpath: //a[.='LOGIN']
13:00:29.840  INFO  manager.MyListener - The element -->By.xpath: //a[.='LOGIN']was found
13:00:29.895  INFO  manager.MyListener - Start find element by -->By.xpath: //input[1]
13:00:29.931  INFO  manager.MyListener - The element -->By.xpath: //input[1]was found
13:00:30.129  INFO  manager.MyListener - Start find element by -->By.xpath: //input[2]
13:00:30.147  INFO  manager.MyListener - The element -->By.xpath: //input[2]was found
13:00:30.328  INFO  manager.MyListener - Start find element by -->By.xpath: //button[1]
13:00:30.358  INFO  manager.MyListener - The element -->By.xpath: //button[1]was found
13:00:30.419  INFO  manager.MyListener - Start find element by -->By.xpath: //button[text()='Sign Out']
13:00:30.690  INFO  manager.MyListener - The element -->By.xpath: //button[text()='Sign Out']was found
13:00:30.694  INFO  tests.TestBase - End of method -->loginTestBase
13:00:30.699  INFO  tests.TestBase - Start method -->loginTestDP_CSV
13:00:30.711  INFO  tests.TestBase - Test Start with Data -->[User{email='noa@gmail.com', password='Nnoa12345$'}]
13:00:30.712  INFO  tests.TestBase - ==================================================================
13:00:30.712  INFO  manager.MyListener - Start find element by -->By.xpath: //button[text()='Sign Out']
13:00:30.737  INFO  manager.MyListener - The element -->By.xpath: //button[text()='Sign Out']was found
13:00:30.738  INFO  manager.MyListener - Start find element by -->By.xpath: //button[text()='Sign Out']
13:00:30.754  INFO  manager.MyListener - The element -->By.xpath: //button[text()='Sign Out']was found
13:00:30.797  INFO  manager.MyListener - Start find element by -->By.xpath: //button[text()='Sign Out']
13:00:30.818  INFO  manager.MyListener - The element -->By.xpath: //button[text()='Sign Out']was found
13:00:30.925  INFO  manager.MyListener - Start find element by -->By.xpath: //a[.='LOGIN']
13:00:30.948  INFO  manager.MyListener - The element -->By.xpath: //a[.='LOGIN']was found
13:00:31.021  INFO  manager.MyListener - Start find element by -->By.xpath: //input[1]
13:00:31.038  INFO  manager.MyListener - The element -->By.xpath: //input[1]was found
13:00:31.216  INFO  manager.MyListener - Start find element by -->By.xpath: //input[2]
13:00:31.241  INFO  manager.MyListener - The element -->By.xpath: //input[2]was found
13:00:31.419  INFO  manager.MyListener - Start find element by -->By.xpath: //button[1]
13:00:31.446  INFO  manager.MyListener - The element -->By.xpath: //button[1]was found
13:00:31.515  INFO  manager.MyListener - Start find element by -->By.xpath: //button[text()='Sign Out']
13:00:31.796  INFO  manager.MyListener - The element -->By.xpath: //button[text()='Sign Out']was found
13:00:31.797  INFO  tests.TestBase - End of method -->loginTestDP_CSV
13:00:31.799  INFO  tests.TestBase - Start method -->loginTestDP_CSV
13:00:31.799  INFO  tests.TestBase - Test Start with Data -->[User{email='noa@gmail.com', password='Nnoa12345$'}]
13:00:31.799  INFO  tests.TestBase - ==================================================================
13:00:31.800  INFO  manager.MyListener - Start find element by -->By.xpath: //button[text()='Sign Out']
13:00:31.822  INFO  manager.MyListener - The element -->By.xpath: //button[text()='Sign Out']was found
13:00:31.823  INFO  manager.MyListener - Start find element by -->By.xpath: //button[text()='Sign Out']
13:00:31.836  INFO  manager.MyListener - The element -->By.xpath: //button[text()='Sign Out']was found
13:00:31.857  INFO  manager.MyListener - Start find element by -->By.xpath: //button[text()='Sign Out']
13:00:31.869  INFO  manager.MyListener - The element -->By.xpath: //button[text()='Sign Out']was found
13:00:31.928  INFO  manager.MyListener - Start find element by -->By.xpath: //a[.='LOGIN']
13:00:31.967  INFO  manager.MyListener - The element -->By.xpath: //a[.='LOGIN']was found
13:00:32.021  INFO  manager.MyListener - Start find element by -->By.xpath: //input[1]
13:00:32.042  INFO  manager.MyListener - The element -->By.xpath: //input[1]was found
13:00:32.230  INFO  manager.MyListener - Start find element by -->By.xpath: //input[2]
13:00:32.249  INFO  manager.MyListener - The element -->By.xpath: //input[2]was found
13:00:32.415  INFO  manager.MyListener - Start find element by -->By.xpath: //button[1]
13:00:32.437  INFO  manager.MyListener - The element -->By.xpath: //button[1]was found
13:00:32.491  INFO  manager.MyListener - Start find element by -->By.xpath: //button[text()='Sign Out']
13:00:33.013  INFO  manager.MyListener - The element -->By.xpath: //button[text()='Sign Out']was found
13:00:33.015  INFO  tests.TestBase - End of method -->loginTestDP_CSV
13:00:33.016  INFO  tests.TestBase - Start method -->loginTestDP_CSV
13:00:33.016  INFO  tests.TestBase - Test Start with Data -->[User{email='noa@gmail.com', password='Nnoa12345$'}]
13:00:33.016  INFO  tests.TestBase - ==================================================================
13:00:33.016  INFO  manager.MyListener - Start find element by -->By.xpath: //button[text()='Sign Out']
13:00:33.029  INFO  manager.MyListener - The element -->By.xpath: //button[text()='Sign Out']was found
13:00:33.030  INFO  manager.MyListener - Start find element by -->By.xpath: //button[text()='Sign Out']
13:00:33.044  INFO  manager.MyListener - The element -->By.xpath: //button[text()='Sign Out']was found
13:00:33.068  INFO  manager.MyListener - Start find element by -->By.xpath: //button[text()='Sign Out']
13:00:33.094  INFO  manager.MyListener - The element -->By.xpath: //button[text()='Sign Out']was found
13:00:33.156  INFO  manager.MyListener - Start find element by -->By.xpath: //a[.='LOGIN']
13:00:33.185  INFO  manager.MyListener - The element -->By.xpath: //a[.='LOGIN']was found
13:00:33.263  INFO  manager.MyListener - Start find element by -->By.xpath: //input[1]
13:00:33.290  INFO  manager.MyListener - The element -->By.xpath: //input[1]was found
13:00:33.503  INFO  manager.MyListener - Start find element by -->By.xpath: //input[2]
13:00:33.522  INFO  manager.MyListener - The element -->By.xpath: //input[2]was found
13:00:33.702  INFO  manager.MyListener - Start find element by -->By.xpath: //button[1]
13:00:33.724  INFO  manager.MyListener - The element -->By.xpath: //button[1]was found
13:00:33.779  INFO  manager.MyListener - Start find element by -->By.xpath: //button[text()='Sign Out']
13:00:34.435  INFO  manager.MyListener - The element -->By.xpath: //button[text()='Sign Out']was found
13:00:34.436  INFO  tests.TestBase - End of method -->loginTestDP_CSV
13:00:34.439  INFO  tests.TestBase - Start method -->loginTestDataProvider
13:00:34.439  INFO  tests.TestBase - Test Start with Data -->[noa@gmail.com, Nnoa12345$]
13:00:34.439  INFO  tests.TestBase - ==================================================================
13:00:34.439  INFO  manager.MyListener - Start find element by -->By.xpath: //button[text()='Sign Out']
13:00:34.464  INFO  manager.MyListener - The element -->By.xpath: //button[text()='Sign Out']was found
13:00:34.465  INFO  manager.MyListener - Start find element by -->By.xpath: //button[text()='Sign Out']
13:00:34.489  INFO  manager.MyListener - The element -->By.xpath: //button[text()='Sign Out']was found
13:00:34.524  INFO  manager.MyListener - Start find element by -->By.xpath: //button[text()='Sign Out']
13:00:34.537  INFO  manager.MyListener - The element -->By.xpath: //button[text()='Sign Out']was found
13:00:34.594  INFO  manager.MyListener - Start find element by -->By.xpath: //a[.='LOGIN']
13:00:34.629  INFO  manager.MyListener - The element -->By.xpath: //a[.='LOGIN']was found
13:00:34.684  INFO  manager.MyListener - Start find element by -->By.xpath: //input[1]
13:00:34.710  INFO  manager.MyListener - The element -->By.xpath: //input[1]was found
13:00:34.884  INFO  manager.MyListener - Start find element by -->By.xpath: //input[2]
13:00:34.902  INFO  manager.MyListener - The element -->By.xpath: //input[2]was found
13:00:35.079  INFO  manager.MyListener - Start find element by -->By.xpath: //button[1]
13:00:35.098  INFO  manager.MyListener - The element -->By.xpath: //button[1]was found
13:00:37.149  INFO  manager.MyListener - Start find element by -->By.xpath: //button[text()='Sign Out']
13:00:37.174  INFO  manager.MyListener - The element -->By.xpath: //button[text()='Sign Out']was found
13:00:37.175  INFO  tests.TestBase - End of method -->loginTestDataProvider
13:00:37.176  INFO  tests.TestBase - Start method -->loginTestDataProvider
13:00:37.176  INFO  tests.TestBase - Test Start with Data -->[sonya@gmail.com, Ss12345$]
13:00:37.176  INFO  tests.TestBase - ==================================================================
13:00:37.176  INFO  manager.MyListener - Start find element by -->By.xpath: //button[text()='Sign Out']
13:00:37.188  INFO  manager.MyListener - The element -->By.xpath: //button[text()='Sign Out']was found
13:00:37.189  INFO  manager.MyListener - Start find element by -->By.xpath: //button[text()='Sign Out']
13:00:37.203  INFO  manager.MyListener - The element -->By.xpath: //button[text()='Sign Out']was found
13:00:37.224  INFO  manager.MyListener - Start find element by -->By.xpath: //button[text()='Sign Out']
13:00:37.235  INFO  manager.MyListener - The element -->By.xpath: //button[text()='Sign Out']was found
13:00:37.302  INFO  manager.MyListener - Start find element by -->By.xpath: //a[.='LOGIN']
13:00:37.322  INFO  manager.MyListener - The element -->By.xpath: //a[.='LOGIN']was found
13:00:37.425  INFO  manager.MyListener - Start find element by -->By.xpath: //input[1]
13:00:37.440  INFO  manager.MyListener - The element -->By.xpath: //input[1]was found
13:00:37.637  INFO  manager.MyListener - Start find element by -->By.xpath: //input[2]
13:00:37.663  INFO  manager.MyListener - The element -->By.xpath: //input[2]was found
13:00:37.830  INFO  manager.MyListener - Start find element by -->By.xpath: //button[1]
13:00:37.852  INFO  manager.MyListener - The element -->By.xpath: //button[1]was found
13:00:39.923  INFO  manager.MyListener - Start find element by -->By.xpath: //button[text()='Sign Out']
13:00:39.949  INFO  manager.MyListener - The element -->By.xpath: //button[text()='Sign Out']was found
13:00:39.950  INFO  tests.TestBase - End of method -->loginTestDataProvider
13:00:39.951  INFO  tests.TestBase - Start method -->loginTestDataProvider
13:00:39.952  INFO  tests.TestBase - Test Start with Data -->[noa@gmail.com, Nnoa12345$]
13:00:39.952  INFO  tests.TestBase - ==================================================================
13:00:39.952  INFO  manager.MyListener - Start find element by -->By.xpath: //button[text()='Sign Out']
13:00:39.982  INFO  manager.MyListener - The element -->By.xpath: //button[text()='Sign Out']was found
13:00:39.983  INFO  manager.MyListener - Start find element by -->By.xpath: //button[text()='Sign Out']
13:00:40.009  INFO  manager.MyListener - The element -->By.xpath: //button[text()='Sign Out']was found
13:00:40.044  INFO  manager.MyListener - Start find element by -->By.xpath: //button[text()='Sign Out']
13:00:40.055  INFO  manager.MyListener - The element -->By.xpath: //button[text()='Sign Out']was found
13:00:40.117  INFO  manager.MyListener - Start find element by -->By.xpath: //a[.='LOGIN']
13:00:40.143  INFO  manager.MyListener - The element -->By.xpath: //a[.='LOGIN']was found
13:00:40.206  INFO  manager.MyListener - Start find element by -->By.xpath: //input[1]
13:00:40.228  INFO  manager.MyListener - The element -->By.xpath: //input[1]was found
13:00:40.428  INFO  manager.MyListener - Start find element by -->By.xpath: //input[2]
13:00:40.450  INFO  manager.MyListener - The element -->By.xpath: //input[2]was found
13:00:40.621  INFO  manager.MyListener - Start find element by -->By.xpath: //button[1]
13:00:40.640  INFO  manager.MyListener - The element -->By.xpath: //button[1]was found
13:00:42.702  INFO  manager.MyListener - Start find element by -->By.xpath: //button[text()='Sign Out']
13:00:43.233  INFO  manager.MyListener - The element -->By.xpath: //button[text()='Sign Out']was found
13:00:43.236  INFO  tests.TestBase - End of method -->loginTestDataProvider
13:00:43.239  INFO  tests.TestBase - Start method -->loginTestDataProviderClass
13:00:43.239  INFO  tests.TestBase - Test Start with Data -->[noa@gmail.com, Nnoa12345$]
13:00:43.239  INFO  tests.TestBase - ==================================================================
13:00:43.240  INFO  manager.MyListener - Start find element by -->By.xpath: //button[text()='Sign Out']
13:00:43.275  INFO  manager.MyListener - The element -->By.xpath: //button[text()='Sign Out']was found
13:00:43.276  INFO  manager.MyListener - Start find element by -->By.xpath: //button[text()='Sign Out']
13:00:43.300  INFO  manager.MyListener - The element -->By.xpath: //button[text()='Sign Out']was found
13:00:43.336  INFO  manager.MyListener - Start find element by -->By.xpath: //button[text()='Sign Out']
13:00:43.362  INFO  manager.MyListener - The element -->By.xpath: //button[text()='Sign Out']was found
13:00:43.437  INFO  manager.MyListener - Start find element by -->By.xpath: //a[.='LOGIN']
13:00:43.463  INFO  manager.MyListener - The element -->By.xpath: //a[.='LOGIN']was found
13:00:43.536  INFO  manager.MyListener - Start find element by -->By.xpath: //input[1]
13:00:43.556  INFO  manager.MyListener - The element -->By.xpath: //input[1]was found
13:00:43.745  INFO  manager.MyListener - Start find element by -->By.xpath: //input[2]
13:00:43.762  INFO  manager.MyListener - The element -->By.xpath: //input[2]was found
13:00:43.953  INFO  manager.MyListener - Start find element by -->By.xpath: //button[1]
13:00:43.968  INFO  manager.MyListener - The element -->By.xpath: //button[1]was found
13:00:46.029  INFO  manager.MyListener - Start find element by -->By.xpath: //button[text()='Sign Out']
13:00:46.054  INFO  manager.MyListener - The element -->By.xpath: //button[text()='Sign Out']was found
13:00:46.056  INFO  tests.TestBase - End of method -->loginTestDataProviderClass
13:00:46.057  INFO  tests.TestBase - Start method -->loginTestDataProviderClass
13:00:46.057  INFO  tests.TestBase - Test Start with Data -->[sonya@gmail.com, Ss12345$]
13:00:46.057  INFO  tests.TestBase - ==================================================================
13:00:46.058  INFO  manager.MyListener - Start find element by -->By.xpath: //button[text()='Sign Out']
13:00:46.084  INFO  manager.MyListener - The element -->By.xpath: //button[text()='Sign Out']was found
13:00:46.085  INFO  manager.MyListener - Start find element by -->By.xpath: //button[text()='Sign Out']
13:00:46.100  INFO  manager.MyListener - The element -->By.xpath: //button[text()='Sign Out']was found
13:00:46.135  INFO  manager.MyListener - Start find element by -->By.xpath: //button[text()='Sign Out']
13:00:46.162  INFO  manager.MyListener - The element -->By.xpath: //button[text()='Sign Out']was found
13:00:46.225  INFO  manager.MyListener - Start find element by -->By.xpath: //a[.='LOGIN']
13:00:46.250  INFO  manager.MyListener - The element -->By.xpath: //a[.='LOGIN']was found
13:00:46.311  INFO  manager.MyListener - Start find element by -->By.xpath: //input[1]
13:00:46.336  INFO  manager.MyListener - The element -->By.xpath: //input[1]was found
13:00:46.513  INFO  manager.MyListener - Start find element by -->By.xpath: //input[2]
13:00:46.526  INFO  manager.MyListener - The element -->By.xpath: //input[2]was found
13:00:46.693  INFO  manager.MyListener - Start find element by -->By.xpath: //button[1]
13:00:46.716  INFO  manager.MyListener - The element -->By.xpath: //button[1]was found
13:00:48.773  INFO  manager.MyListener - Start find element by -->By.xpath: //button[text()='Sign Out']
13:00:48.798  INFO  manager.MyListener - The element -->By.xpath: //button[text()='Sign Out']was found
13:00:48.799  INFO  tests.TestBase - End of method -->loginTestDataProviderClass
13:00:48.800  INFO  tests.TestBase - Start method -->loginTestDataProviderClass
13:00:48.801  INFO  tests.TestBase - Test Start with Data -->[noa@gmail.com, Nnoa12345$]
13:00:48.801  INFO  tests.TestBase - ==================================================================
13:00:48.801  INFO  manager.MyListener - Start find element by -->By.xpath: //button[text()='Sign Out']
13:00:48.812  INFO  manager.MyListener - The element -->By.xpath: //button[text()='Sign Out']was found
13:00:48.812  INFO  manager.MyListener - Start find element by -->By.xpath: //button[text()='Sign Out']
13:00:48.827  INFO  manager.MyListener - The element -->By.xpath: //button[text()='Sign Out']was found
13:00:48.848  INFO  manager.MyListener - Start find element by -->By.xpath: //button[text()='Sign Out']
13:00:48.874  INFO  manager.MyListener - The element -->By.xpath: //button[text()='Sign Out']was found
13:00:48.937  INFO  manager.MyListener - Start find element by -->By.xpath: //a[.='LOGIN']
13:00:48.956  INFO  manager.MyListener - The element -->By.xpath: //a[.='LOGIN']was found
13:00:49.009  INFO  manager.MyListener - Start find element by -->By.xpath: //input[1]
13:00:49.032  INFO  manager.MyListener - The element -->By.xpath: //input[1]was found
13:00:49.236  INFO  manager.MyListener - Start find element by -->By.xpath: //input[2]
13:00:49.254  INFO  manager.MyListener - The element -->By.xpath: //input[2]was found
13:00:49.441  INFO  manager.MyListener - Start find element by -->By.xpath: //button[1]
13:00:49.461  INFO  manager.MyListener - The element -->By.xpath: //button[1]was found
13:00:51.521  INFO  manager.MyListener - Start find element by -->By.xpath: //button[text()='Sign Out']
13:00:51.546  INFO  manager.MyListener - The element -->By.xpath: //button[text()='Sign Out']was found
13:00:51.547  INFO  tests.TestBase - End of method -->loginTestDataProviderClass
13:00:51.549  INFO  tests.TestBase - Start method -->loginTestPositiveNewContact
13:00:51.549  INFO  tests.TestBase - Test Start with Data -->[]
13:00:51.549  INFO  tests.TestBase - ==================================================================
13:00:51.549  INFO  manager.MyListener - Start find element by -->By.xpath: //button[text()='Sign Out']
13:00:51.561  INFO  manager.MyListener - The element -->By.xpath: //button[text()='Sign Out']was found
13:00:51.562  INFO  manager.MyListener - Start find element by -->By.xpath: //button[text()='Sign Out']
13:00:51.576  INFO  manager.MyListener - The element -->By.xpath: //button[text()='Sign Out']was found
13:00:51.595  INFO  manager.MyListener - Start find element by -->By.xpath: //button[text()='Sign Out']
13:00:51.607  INFO  manager.MyListener - The element -->By.xpath: //button[text()='Sign Out']was found
13:00:51.671  INFO  manager.MyListener - Start find element by -->By.xpath: //a[.='LOGIN']
13:00:51.691  INFO  manager.MyListener - The element -->By.xpath: //a[.='LOGIN']was found
13:00:51.760  INFO  manager.MyListener - Start find element by -->By.xpath: //input[@placeholder='Email']
13:00:51.793  INFO  manager.MyListener - The element -->By.xpath: //input[@placeholder='Email']was found
13:00:51.969  INFO  manager.MyListener - Start find element by -->By.xpath: //input[@placeholder='Password']
13:00:51.994  INFO  manager.MyListener - The element -->By.xpath: //input[@placeholder='Password']was found
13:00:52.174  INFO  manager.MyListener - Start find element by -->By.xpath: //button[.=' Login']
13:00:52.200  INFO  manager.MyListener - The element -->By.xpath: //button[.=' Login']was found
13:00:54.269  INFO  manager.MyListener - Start find element by -->By.xpath: //a[.='ADD']
13:00:54.300  INFO  manager.MyListener - The element -->By.xpath: //a[.='ADD']was found
13:00:54.318  INFO  tests.TestBase - End of method -->loginTestPositiveNewContact
13:00:54.319  INFO  tests.TestBase - Start method -->loginTestWithWrongPassword
13:00:54.320  INFO  tests.TestBase - Test Start with Data -->[]
13:00:54.320  INFO  tests.TestBase - ==================================================================
13:00:54.320  INFO  manager.MyListener - Start find element by -->By.xpath: //button[text()='Sign Out']
13:00:54.341  INFO  manager.MyListener - The element -->By.xpath: //button[text()='Sign Out']was found
13:00:54.341  INFO  manager.MyListener - Start find element by -->By.xpath: //button[text()='Sign Out']
13:00:54.355  INFO  manager.MyListener - The element -->By.xpath: //button[text()='Sign Out']was found
13:00:54.376  INFO  manager.MyListener - Start find element by -->By.xpath: //button[text()='Sign Out']
13:00:54.388  INFO  manager.MyListener - The element -->By.xpath: //button[text()='Sign Out']was found
13:00:54.450  INFO  manager.MyListener - Start find element by -->By.xpath: //a[.='LOGIN']
13:00:54.470  INFO  manager.MyListener - The element -->By.xpath: //a[.='LOGIN']was found
13:00:54.532  INFO  manager.MyListener - Start find element by -->By.xpath: //input[1]
13:00:54.553  INFO  manager.MyListener - The element -->By.xpath: //input[1]was found
13:00:54.769  INFO  manager.MyListener - Start find element by -->By.xpath: //input[2]
13:00:54.783  INFO  manager.MyListener - The element -->By.xpath: //input[2]was found
13:00:54.951  INFO  manager.MyListener - Start find element by -->By.xpath: //button[1]
13:00:54.970  INFO  manager.MyListener - The element -->By.xpath: //button[1]was found
13:00:56.284  INFO  manager.MyListener - Start find element by -->By.xpath: //button[text()='Sign Out']
13:01:06.336  INFO  manager.MyListener - The element -->By.xpath: //button[text()='Sign Out']was found
13:01:06.337  INFO  tests.TestBase - End of method -->loginTestWithWrongPassword
13:01:06.339  INFO  tests.TestBase - Start method -->quicktest
13:01:06.339  INFO  tests.TestBase - Test Start with Data -->[]
13:01:06.339  INFO  tests.TestBase - ==================================================================
13:01:06.340  INFO  tests.TestBase - End of method -->quicktest
13:01:06.342  INFO  tests.TestBase - Start method -->removeAllContacts
13:01:06.342  INFO  tests.TestBase - Test Start with Data -->[]
13:01:06.342  INFO  tests.TestBase - ==================================================================
13:01:06.343  INFO  manager.MyListener - Start find element by -->By.xpath: //button[text()='Sign Out']
13:01:16.399  INFO  manager.MyListener - The element -->By.xpath: //button[text()='Sign Out']was found
13:01:16.427  INFO  manager.MyListener - Start find element by -->By.xpath: //a[.='LOGIN']
13:01:16.447  INFO  manager.MyListener - The element -->By.xpath: //a[.='LOGIN']was found
13:01:16.493  INFO  manager.MyListener - Start find element by -->By.xpath: //input[1]
13:01:16.511  INFO  manager.MyListener - The element -->By.xpath: //input[1]was found
13:01:16.992  INFO  manager.MyListener - Start find element by -->By.xpath: //input[2]
13:01:17.013  INFO  manager.MyListener - The element -->By.xpath: //input[2]was found
13:01:17.216  INFO  manager.MyListener - Start find element by -->By.xpath: //button[1]
13:01:17.233  INFO  manager.MyListener - The element -->By.xpath: //button[1]was found
13:01:18.293  INFO  manager.MyListener - Start find element by -->By.cssSelector: .contact-item_card__2SOIM
13:01:20.994  INFO  manager.MyListener - The element -->By.cssSelector: .contact-item_card__2SOIMwas found
13:01:20.995  INFO  manager.MyListener - Start find element by -->By.cssSelector: .contact-item_card__2SOIM
13:01:21.009  INFO  manager.MyListener - The element -->By.cssSelector: .contact-item_card__2SOIMwas found
13:01:21.010  INFO  manager.MyListener - Start find element by -->By.cssSelector: .contact-item_card__2SOIM
13:01:21.025  INFO  manager.MyListener - The element -->By.cssSelector: .contact-item_card__2SOIMwas found
13:01:21.025  INFO  manager.MyListener - Start find element by -->By.cssSelector: .contact-item_card__2SOIM
13:01:21.047  INFO  manager.MyListener - The element -->By.cssSelector: .contact-item_card__2SOIMwas found
13:01:21.132  INFO  manager.MyListener - Start find element by -->By.xpath: //button[.='Remove']
13:01:21.165  INFO  manager.MyListener - The element -->By.xpath: //button[.='Remove']was found
13:01:23.225  INFO  manager.MyListener - Start find element by -->By.cssSelector: .contact-item_card__2SOIM
13:01:23.251  INFO  manager.MyListener - The element -->By.cssSelector: .contact-item_card__2SOIMwas found
13:01:23.251  INFO  manager.MyListener - Start find element by -->By.cssSelector: .contact-item_card__2SOIM
13:01:23.265  INFO  manager.MyListener - The element -->By.cssSelector: .contact-item_card__2SOIMwas found
13:01:23.266  INFO  manager.MyListener - Start find element by -->By.cssSelector: .contact-item_card__2SOIM
13:01:23.282  INFO  manager.MyListener - The element -->By.cssSelector: .contact-item_card__2SOIMwas found
13:01:23.331  INFO  manager.MyListener - Start find element by -->By.xpath: //button[.='Remove']
13:01:23.360  INFO  manager.MyListener - The element -->By.xpath: //button[.='Remove']was found
13:01:25.417  INFO  manager.MyListener - Start find element by -->By.cssSelector: .contact-item_card__2SOIM
13:01:25.443  INFO  manager.MyListener - The element -->By.cssSelector: .contact-item_card__2SOIMwas found
13:01:25.443  INFO  manager.MyListener - Start find element by -->By.cssSelector: .contact-item_card__2SOIM
13:01:25.460  INFO  manager.MyListener - The element -->By.cssSelector: .contact-item_card__2SOIMwas found
13:01:25.460  INFO  manager.MyListener - Start find element by -->By.cssSelector: .contact-item_card__2SOIM
13:01:25.472  INFO  manager.MyListener - The element -->By.cssSelector: .contact-item_card__2SOIMwas found
13:01:25.517  INFO  manager.MyListener - Start find element by -->By.xpath: //button[.='Remove']
13:01:25.541  INFO  manager.MyListener - The element -->By.xpath: //button[.='Remove']was found
13:01:27.603  INFO  manager.MyListener - Start find element by -->By.cssSelector: .contact-item_card__2SOIM
13:01:27.628  INFO  manager.MyListener - The element -->By.cssSelector: .contact-item_card__2SOIMwas found
13:01:27.628  INFO  manager.MyListener - Start find element by -->By.cssSelector: .contact-item_card__2SOIM
13:01:27.642  INFO  manager.MyListener - The element -->By.cssSelector: .contact-item_card__2SOIMwas found
13:01:27.642  INFO  manager.MyListener - Start find element by -->By.cssSelector: .contact-item_card__2SOIM
13:01:27.657  INFO  manager.MyListener - The element -->By.cssSelector: .contact-item_card__2SOIMwas found
13:01:27.698  INFO  manager.MyListener - Start find element by -->By.xpath: //button[.='Remove']
13:01:27.723  INFO  manager.MyListener - The element -->By.xpath: //button[.='Remove']was found
13:01:29.782  INFO  manager.MyListener - Start find element by -->By.cssSelector: .contact-item_card__2SOIM
13:01:29.807  INFO  manager.MyListener - The element -->By.cssSelector: .contact-item_card__2SOIMwas found
13:01:29.807  INFO  manager.MyListener - Start find element by -->By.cssSelector: .contact-item_card__2SOIM
13:01:29.822  INFO  manager.MyListener - The element -->By.cssSelector: .contact-item_card__2SOIMwas found
13:01:29.822  INFO  manager.MyListener - Start find element by -->By.cssSelector: .contact-item_card__2SOIM
13:01:29.837  INFO  manager.MyListener - The element -->By.cssSelector: .contact-item_card__2SOIMwas found
13:01:29.881  INFO  manager.MyListener - Start find element by -->By.xpath: //button[.='Remove']
13:01:29.905  INFO  manager.MyListener - The element -->By.xpath: //button[.='Remove']was found
13:01:31.956  INFO  manager.MyListener - Start find element by -->By.cssSelector: .contact-item_card__2SOIM
13:01:31.980  INFO  manager.MyListener - The element -->By.cssSelector: .contact-item_card__2SOIMwas found
13:01:31.980  INFO  manager.MyListener - Start find element by -->By.cssSelector: .contact-item_card__2SOIM
13:01:31.994  INFO  manager.MyListener - The element -->By.cssSelector: .contact-item_card__2SOIMwas found
13:01:31.994  INFO  manager.MyListener - Start find element by -->By.cssSelector: .contact-item_card__2SOIM
13:01:32.010  INFO  manager.MyListener - The element -->By.cssSelector: .contact-item_card__2SOIMwas found
13:01:32.051  INFO  manager.MyListener - Start find element by -->By.xpath: //button[.='Remove']
13:01:32.075  INFO  manager.MyListener - The element -->By.xpath: //button[.='Remove']was found
13:01:34.134  INFO  manager.MyListener - Start find element by -->By.cssSelector: .contact-item_card__2SOIM
13:01:34.159  INFO  manager.MyListener - The element -->By.cssSelector: .contact-item_card__2SOIMwas found
13:01:34.159  INFO  manager.MyListener - Start find element by -->By.cssSelector: .contact-item_card__2SOIM
13:01:34.173  INFO  manager.MyListener - The element -->By.cssSelector: .contact-item_card__2SOIMwas found
13:01:34.174  INFO  manager.MyListener - Start find element by -->By.cssSelector: .contact-item_card__2SOIM
13:01:34.190  INFO  manager.MyListener - The element -->By.cssSelector: .contact-item_card__2SOIMwas found
13:01:34.243  INFO  manager.MyListener - Start find element by -->By.xpath: //button[.='Remove']
13:01:34.271  INFO  manager.MyListener - The element -->By.xpath: //button[.='Remove']was found
13:01:36.322  INFO  manager.MyListener - Start find element by -->By.cssSelector: .contact-item_card__2SOIM
13:01:36.348  INFO  manager.MyListener - The element -->By.cssSelector: .contact-item_card__2SOIMwas found
13:01:36.348  INFO  manager.MyListener - Start find element by -->By.cssSelector: .contact-item_card__2SOIM
13:01:36.362  INFO  manager.MyListener - The element -->By.cssSelector: .contact-item_card__2SOIMwas found
13:01:36.362  INFO  manager.MyListener - Start find element by -->By.cssSelector: .contact-item_card__2SOIM
13:01:36.380  INFO  manager.MyListener - The element -->By.cssSelector: .contact-item_card__2SOIMwas found
13:01:36.418  INFO  manager.MyListener - Start find element by -->By.xpath: //button[.='Remove']
13:01:36.442  INFO  manager.MyListener - The element -->By.xpath: //button[.='Remove']was found
13:01:38.494  INFO  manager.MyListener - Start find element by -->By.cssSelector: .contact-item_card__2SOIM
13:01:48.535  INFO  manager.MyListener - The element -->By.cssSelector: .contact-item_card__2SOIMwas found
13:01:48.536  INFO  tests.TestBase - End of method -->removeAllContacts
13:01:48.537  INFO  tests.TestBase - Start method -->removeOneContact
13:01:48.537  INFO  tests.TestBase - Test Start with Data -->[]
13:01:48.537  INFO  tests.TestBase - ==================================================================
13:01:48.538  INFO  manager.MyListener - Start find element by -->By.xpath: //button[text()='Sign Out']
13:01:48.553  INFO  manager.MyListener - The element -->By.xpath: //button[text()='Sign Out']was found
13:01:48.553  INFO  manager.MyListener - Start find element by -->By.cssSelector: .contact-item_card__2SOIM
13:01:58.568  INFO  manager.MyListener - The element -->By.cssSelector: .contact-item_card__2SOIMwas found
13:01:58.569  INFO  tests.TestBase - End of method -->removeOneContact
13:01:58.571  INFO  tests.TestBase - Start method -->smokeTest
13:01:58.571  INFO  tests.TestBase - Test Start with Data -->[]
13:01:58.571  INFO  tests.TestBase - ==================================================================
13:01:58.572  INFO  tests.TestBase - End of method -->smokeTest
